2025-03-28 14:43:10,208 - INFO - Starting client
2025-03-28 14:43:10,209 - INFO - Loading and preprocessing data for client 1
2025-03-28 14:43:10,278 - INFO - Loaded data shape: (59944, 7)
2025-03-28 14:43:10,280 - INFO - Features shape: (59944, 5)
2025-03-28 14:43:10,281 - INFO - Target shape: (59944,)
2025-03-28 14:43:10,283 - INFO - Found 3 categorical columns
2025-03-28 14:43:10,284 - DEBUG - Encoding column: date
2025-03-28 14:43:10,294 - DEBUG - Encoding column: time
2025-03-28 14:43:10,330 - DEBUG - Encoding column: temp_condition
2025-03-28 14:43:10,341 - DEBUG - Encoding target variable
2025-03-28 14:43:10,369 - INFO - Client 1 class distribution:
2025-03-28 14:43:10,370 - INFO - Train set: [28000 19955]
2025-03-28 14:43:10,371 - INFO - Test set: [1400  997]
2025-03-28 14:43:10,371 - INFO - Validation set: [5600 3992]
2025-03-28 14:43:10,371 - INFO - Data loading and preprocessing completed after 0.16 seconds
2025-03-28 14:43:10,373 - INFO - Initializing XGBoostClient
2025-03-28 14:43:10,373 - INFO - Training data shape: (47955, 5)
2025-03-28 14:43:10,373 - INFO - Test data shape: (2397, 5)
2025-03-28 14:43:10,374 - INFO - Number of unique classes: 2
2025-03-28 14:43:10,375 - INFO - Connecting to server at 127.0.0.1:8080
2025-03-28 14:43:10,386 - DEBUG - Opened insecure gRPC connection (no certificates were passed)
2025-03-28 14:43:10,390 - DEBUG - ChannelConnectivity.IDLE
2025-03-28 14:43:10,390 - DEBUG - ChannelConnectivity.CONNECTING
2025-03-28 14:43:10,391 - DEBUG - ChannelConnectivity.READY
2025-03-28 14:43:10,414 - INFO - 
2025-03-28 14:43:10,414 - INFO - Received: train message 05d80d9d-bdb6-4d3a-8be0-e3d4b7bfe1c1
2025-03-28 14:43:10,416 - INFO - Starting local training at 2025-03-28 14:43:10
2025-03-28 14:43:10,416 - INFO - Starting local training
2025-03-28 14:43:10,416 - INFO - Creating new XGBoost model
2025-03-28 14:43:11,076 - DEBUG - Updating model parameters
2025-03-28 14:43:11,119 - INFO - Training model on local data
2025-03-28 14:43:11,724 - INFO - Local training completed after 1.31 seconds
2025-03-28 14:43:11,724 - DEBUG - Getting model parameters
2025-03-28 14:43:11,758 - INFO - Sent reply
2025-03-28 14:54:46,591 - DEBUG - gRPC channel closed
2025-03-28 14:54:46,591 - INFO - Disconnect and shut down
2025-03-28 14:54:46,592 - INFO - Client finished after 696.38 seconds
