2025-03-28 14:59:22,339 - INFO - === Starting Federated Learning Process ===
2025-03-28 14:59:22,339 - INFO - Loading dataset
2025-03-28 14:59:22,401 - INFO - Dataset loaded successfully: (59944, 7)
2025-03-28 14:59:22,401 - INFO - Initializing FederatedXGBoost
2025-03-28 14:59:22,401 - INFO - Number of clients: 3
2025-03-28 14:59:22,401 - INFO - Starting data preprocessing
2025-03-28 14:59:22,401 - INFO - Initial data shape: (59944, 7)
2025-03-28 14:59:22,407 - INFO - Found 3 categorical columns
2025-03-28 14:59:22,453 - INFO - Number of unique classes: 2
2025-03-28 14:59:22,454 - INFO - Preprocessed X shape: (59944, 5)
2025-03-28 14:59:22,454 - INFO - Preprocessed y shape: (59944,)
2025-03-28 14:59:22,454 - INFO - Splitting data with test_size=0.2
2025-03-28 14:59:22,473 - INFO - Training set size: 47955
2025-03-28 14:59:22,473 - INFO - Test set size: 11989
2025-03-28 14:59:22,473 - INFO - Distributing data among clients
2025-03-28 14:59:22,474 - INFO - Client 1 data size: 15985
2025-03-28 14:59:22,474 - INFO - Client 2 data size: 15985
2025-03-28 14:59:22,474 - INFO - Client 3 data size: 15985
2025-03-28 14:59:22,474 - INFO - Starting local model training
2025-03-28 14:59:22,474 - INFO - Training model for client 1
2025-03-28 14:59:22,474 - INFO - Client 1 training data shape: (15985, 5)
2025-03-28 14:59:22,645 - INFO - Client 1 model trained successfully in 0.17 seconds
2025-03-28 14:59:22,645 - INFO - Training model for client 2
2025-03-28 14:59:22,646 - INFO - Client 2 training data shape: (15985, 5)
2025-03-28 14:59:22,780 - INFO - Client 2 model trained successfully in 0.13 seconds
2025-03-28 14:59:22,781 - INFO - Training model for client 3
2025-03-28 14:59:22,781 - INFO - Client 3 training data shape: (15985, 5)
2025-03-28 14:59:22,932 - INFO - Client 3 model trained successfully in 0.15 seconds
2025-03-28 14:59:22,932 - INFO - Aggregating predictions from all models
2025-03-28 14:59:23,033 - INFO - Prediction aggregation completed
2025-03-28 14:59:23,033 - INFO - Evaluating model performance
2025-03-28 14:59:23,055 - INFO - === Model Performance Metrics ===
2025-03-28 14:59:23,057 - INFO - Accuracy: 1.0000
2025-03-28 14:59:23,058 - INFO - Precision: 1.0000
2025-03-28 14:59:23,059 - INFO - Recall: 1.0000
2025-03-28 14:59:23,062 - INFO - F1 Score: 1.0000
2025-03-28 14:59:23,065 - INFO - ==============================
2025-03-28 14:59:23,066 - INFO - === Federated Learning Process Completed ===
2025-03-28 14:59:23,067 - INFO - Total execution time: 0.73 seconds
